<?xml version="1.0" encoding="UTF-8"?>
<!-- Generated by org.testng.reporters.JUnitReportReporter -->
<testsuite hostname="DESKTOP-TFABCD9" failures="0" tests="1" name="DesignPattern.FacebokLoginTest" time="8.991" errors="0" timestamp="06 jun. 2021 12:04:57 GMT" skipped="0">
  <testcase classname="DesignPattern.FacebokLoginTest" name="TryToLoginTest" time="8.991"/>
</testsuite> <!-- DesignPattern.FacebokLoginTest -->
