<?xml version="1.0" encoding="UTF-8"?>
<!-- Generated by org.testng.reporters.JUnitReportReporter -->
<testsuite hostname="DESKTOP-TFABCD9" failures="0" tests="1" name="DesignPattern.PFM_FacebookLoginPageTest" time="5.099" errors="0" timestamp="06 jun. 2021 20:33:50 GMT" skipped="0">
  <testcase classname="DesignPattern.PFM_FacebookLoginPageTest" name="TryToLoginTest" time="5.099"/>
</testsuite> <!-- DesignPattern.PFM_FacebookLoginPageTest -->
