<?xml version="1.0" encoding="UTF-8"?>
<!-- Generated by org.testng.reporters.JUnitReportReporter -->
<testsuite hostname="DESKTOP-TFABCD9" failures="0" tests="1" name="MultiWindowHandler" time="11.021" errors="0" timestamp="06 jun. 2021 21:28:39 GMT" skipped="0">
  <testcase classname="MultiWindowHandler" name="testing1" time="11.021"/>
</testsuite> <!-- MultiWindowHandler -->
